<?xml version="1.0" encoding="UTF-8"?>
<!-- Generated by org.testng.reporters.JUnitReportReporter -->
<testsuite skipped="0" hostname="Mukesh-PC" name="GitJenkinpakage.NewTest" tests="1" failures="0" timestamp="25 May 2018 10:25:55 GMT" time="15.310" errors="0">
  <testcase name="f" time="15.310" classname="GitJenkinpakage.NewTest"/>
</testsuite> <!-- GitJenkinpakage.NewTest -->
